File not found: ${COM_TI_SIMPLELINK_CC13XX_CC26XX_SDK_INSTALL_DIR}/source/ti/ti_sidewalk/apps/common/sal/ti/sid_pal/assert.c
In project: examples/rtos/LP_CC1352P7_1/ti_sidewalk/sid_demo/freertos/gcc/sid_demo_LP_CC1352P7_1_freertos_gcc.projectspec

File not found: ${COM_TI_SIMPLELINK_CC13XX_CC26XX_SDK_INSTALL_DIR}/source/ti/ti_sidewalk/apps/common/sal/ti/sid_pal/critical_region.c
In project: examples/rtos/LP_CC1352P7_1/ti_sidewalk/sid_demo/freertos/gcc/sid_demo_LP_CC1352P7_1_freertos_gcc.projectspec

File not found: ${COM_TI_SIMPLELINK_CC13XX_CC26XX_SDK_INSTALL_DIR}/source/ti/ti_sidewalk/apps/common/sal/ti/sid_pal/crypto.c
In project: examples/rtos/LP_CC1352P7_1/ti_sidewalk/sid_demo/freertos/gcc/sid_demo_LP_CC1352P7_1_freertos_gcc.projectspec

File not found: ${COM_TI_SIMPLELINK_CC13XX_CC26XX_SDK_INSTALL_DIR}/source/ti/ti_sidewalk/apps/common/sal/ti/sid_pal/delay.c
In project: examples/rtos/LP_CC1352P7_1/ti_sidewalk/sid_demo/freertos/gcc/sid_demo_LP_CC1352P7_1_freertos_gcc.projectspec

File not found: ${COM_TI_SIMPLELINK_CC13XX_CC26XX_SDK_INSTALL_DIR}/source/ti/ti_sidewalk/apps/common/sal/ti/sid_pal/gpio.c
In project: examples/rtos/LP_CC1352P7_1/ti_sidewalk/sid_demo/freertos/gcc/sid_demo_LP_CC1352P7_1_freertos_gcc.projectspec

File not found: ${COM_TI_SIMPLELINK_CC13XX_CC26XX_SDK_INSTALL_DIR}/source/ti/ti_sidewalk/apps/common/sal/ti/sid_pal/log.c
In project: examples/rtos/LP_CC1352P7_1/ti_sidewalk/sid_demo/freertos/gcc/sid_demo_LP_CC1352P7_1_freertos_gcc.projectspec

File not found: ${COM_TI_SIMPLELINK_CC13XX_CC26XX_SDK_INSTALL_DIR}/source/ti/ti_sidewalk/apps/common/sal/ti/sid_pal/mfg_store.c
In project: examples/rtos/LP_CC1352P7_1/ti_sidewalk/sid_demo/freertos/gcc/sid_demo_LP_CC1352P7_1_freertos_gcc.projectspec

File not found: ${COM_TI_SIMPLELINK_CC13XX_CC26XX_SDK_INSTALL_DIR}/source/ti/ti_sidewalk/apps/common/sal/ti/sid_pal/storage_kv.c
In project: examples/rtos/LP_CC1352P7_1/ti_sidewalk/sid_demo/freertos/gcc/sid_demo_LP_CC1352P7_1_freertos_gcc.projectspec

File not found: ${COM_TI_SIMPLELINK_CC13XX_CC26XX_SDK_INSTALL_DIR}/source/ti/ti_sidewalk/apps/common/sal/ti/sid_pal/storage_patches/nvocmp.c
In project: examples/rtos/LP_CC1352P7_1/ti_sidewalk/sid_demo/freertos/gcc/sid_demo_LP_CC1352P7_1_freertos_gcc.projectspec

File not found: ${COM_TI_SIMPLELINK_CC13XX_CC26XX_SDK_INSTALL_DIR}/source/ti/ti_sidewalk/apps/common/sal/ti/sid_pal/swi.c
In project: examples/rtos/LP_CC1352P7_1/ti_sidewalk/sid_demo/freertos/gcc/sid_demo_LP_CC1352P7_1_freertos_gcc.projectspec

File not found: ${COM_TI_SIMPLELINK_CC13XX_CC26XX_SDK_INSTALL_DIR}/source/ti/ti_sidewalk/apps/common/sal/ti/sid_pal/temperature.c
In project: examples/rtos/LP_CC1352P7_1/ti_sidewalk/sid_demo/freertos/gcc/sid_demo_LP_CC1352P7_1_freertos_gcc.projectspec

File not found: ${COM_TI_SIMPLELINK_CC13XX_CC26XX_SDK_INSTALL_DIR}/source/ti/ti_sidewalk/apps/common/sal/ti/sid_pal/ti_itm.c
In project: examples/rtos/LP_CC1352P7_1/ti_sidewalk/sid_demo/freertos/gcc/sid_demo_LP_CC1352P7_1_freertos_gcc.projectspec

File not found: ${COM_TI_SIMPLELINK_CC13XX_CC26XX_SDK_INSTALL_DIR}/source/ti/ti_sidewalk/apps/common/sal/ti/sid_pal/timer.c
In project: examples/rtos/LP_CC1352P7_1/ti_sidewalk/sid_demo/freertos/gcc/sid_demo_LP_CC1352P7_1_freertos_gcc.projectspec

File not found: ${COM_TI_SIMPLELINK_CC13XX_CC26XX_SDK_INSTALL_DIR}/source/ti/ti_sidewalk/apps/common/sal/ti/sid_pal/uptime.c
In project: examples/rtos/LP_CC1352P7_1/ti_sidewalk/sid_demo/freertos/gcc/sid_demo_LP_CC1352P7_1_freertos_gcc.projectspec

File not found: ${COM_TI_SIMPLELINK_CC13XX_CC26XX_SDK_INSTALL_DIR}/source/ti/common/nv/crc.c
In project: examples/rtos/LP_CC1352P7_1/ti_sidewalk/sid_demo/freertos/gcc/sid_demo_LP_CC1352P7_1_freertos_gcc.projectspec

File not found: ${COM_TI_SIMPLELINK_CC13XX_CC26XX_SDK_INSTALL_DIR}/source/ti/ti_sidewalk/apps/common/sal/ti/sid_pal/ble_adapter/ble_adapter.c
In project: examples/rtos/LP_CC1352P7_1/ti_sidewalk/sid_demo/freertos/gcc/sid_demo_LP_CC1352P7_1_freertos_gcc.projectspec

File not found: ${COM_TI_SIMPLELINK_CC13XX_CC26XX_SDK_INSTALL_DIR}/source/ti/ti_sidewalk/apps/ti/common/components/ti_ble/osal_icall_ble.c
In project: examples/rtos/LP_CC1352P7_1/ti_sidewalk/sid_demo/freertos/gcc/sid_demo_LP_CC1352P7_1_freertos_gcc.projectspec

File not found: ${COM_TI_SIMPLELINK_CC13XX_CC26XX_SDK_INSTALL_DIR}/source/ti/ti_sidewalk/dpk_impl/sid_mcu/ti/hal/iot_ble/iot_ble_hal_gatt_server.c
In project: examples/rtos/LP_CC1352P7_1/ti_sidewalk/sid_demo/freertos/gcc/sid_demo_LP_CC1352P7_1_freertos_gcc.projectspec

File not found: ${COM_TI_SIMPLELINK_CC13XX_CC26XX_SDK_INSTALL_DIR}/source/ti/ti_sidewalk/dpk_impl/sid_mcu/ti/hal/iot_ble/iot_ble_hal_manager.c
In project: examples/rtos/LP_CC1352P7_1/ti_sidewalk/sid_demo/freertos/gcc/sid_demo_LP_CC1352P7_1_freertos_gcc.projectspec

File not found: ${COM_TI_SIMPLELINK_CC13XX_CC26XX_SDK_INSTALL_DIR}/source/ti/ti_sidewalk/dpk_impl/sid_mcu/ti/hal/iot_ble/iot_ble_hal_manager_adapter_ble.c
In project: examples/rtos/LP_CC1352P7_1/ti_sidewalk/sid_demo/freertos/gcc/sid_demo_LP_CC1352P7_1_freertos_gcc.projectspec

File not found: ${COM_TI_SIMPLELINK_CC13XX_CC26XX_SDK_INSTALL_DIR}/source/ti/ti_sidewalk/dpk_impl/sid_mcu/ti/hal/iot_ble/iot_ble_hal_mq_task.c
In project: examples/rtos/LP_CC1352P7_1/ti_sidewalk/sid_demo/freertos/gcc/sid_demo_LP_CC1352P7_1_freertos_gcc.projectspec

File not found: ${COM_TI_SIMPLELINK_CC13XX_CC26XX_SDK_INSTALL_DIR}/source/ti/ti_sidewalk/dpk_impl/sid_mcu/ti/hal/iot_ble/iot_ble_hal_types.c
In project: examples/rtos/LP_CC1352P7_1/ti_sidewalk/sid_demo/freertos/gcc/sid_demo_LP_CC1352P7_1_freertos_gcc.projectspec

File not found: ${COM_TI_SIMPLELINK_CC13XX_CC26XX_SDK_INSTALL_DIR}/source/ti/ti_sidewalk/dpk_impl/sid_mcu/ti/hal/sid_hal/ti_sid_hal_memory.c
In project: examples/rtos/LP_CC1352P7_1/ti_sidewalk/sid_demo/freertos/gcc/sid_demo_LP_CC1352P7_1_freertos_gcc.projectspec

File not found: ${COM_TI_SIMPLELINK_CC13XX_CC26XX_SDK_INSTALL_DIR}/source/ti/ti_sidewalk/dpk_impl/sid_mcu/ti/hal/sid_hal/ti_sid_hal_reset.c
In project: examples/rtos/LP_CC1352P7_1/ti_sidewalk/sid_demo/freertos/gcc/sid_demo_LP_CC1352P7_1_freertos_gcc.projectspec

File not found: ${COM_TI_SIMPLELINK_CC13XX_CC26XX_SDK_INSTALL_DIR}/source/ti/ble5stack/common/cc26xx/freertos/TI_heap_wrapper.c
In project: examples/rtos/LP_CC1352P7_1/ti_sidewalk/sid_demo/freertos/gcc/sid_demo_LP_CC1352P7_1_freertos_gcc.projectspec

File not found: ${COM_TI_SIMPLELINK_CC13XX_CC26XX_SDK_INSTALL_DIR}/source/ti/ble5stack/common/cc26xx/freertos/bget.c
In project: examples/rtos/LP_CC1352P7_1/ti_sidewalk/sid_demo/freertos/gcc/sid_demo_LP_CC1352P7_1_freertos_gcc.projectspec

File not found: ${COM_TI_SIMPLELINK_CC13XX_CC26XX_SDK_INSTALL_DIR}/source/ti/ble5stack/common/cc26xx/freertos/icall_POSIX.c
In project: examples/rtos/LP_CC1352P7_1/ti_sidewalk/sid_demo/freertos/gcc/sid_demo_LP_CC1352P7_1_freertos_gcc.projectspec

File not found: ${COM_TI_SIMPLELINK_CC13XX_CC26XX_SDK_INSTALL_DIR}/source/ti/ble5stack/host/gatt_uuid.c
In project: examples/rtos/LP_CC1352P7_1/ti_sidewalk/sid_demo/freertos/gcc/sid_demo_LP_CC1352P7_1_freertos_gcc.projectspec

File not found: ${COM_TI_SIMPLELINK_CC13XX_CC26XX_SDK_INSTALL_DIR}/source/ti/ble5stack/host/gattservapp_util.c
In project: examples/rtos/LP_CC1352P7_1/ti_sidewalk/sid_demo/freertos/gcc/sid_demo_LP_CC1352P7_1_freertos_gcc.projectspec

File not found: ${COM_TI_SIMPLELINK_CC13XX_CC26XX_SDK_INSTALL_DIR}/source/ti/ble5stack/icall/app/ble_user_config.c
In project: examples/rtos/LP_CC1352P7_1/ti_sidewalk/sid_demo/freertos/gcc/sid_demo_LP_CC1352P7_1_freertos_gcc.projectspec

File not found: ${COM_TI_SIMPLELINK_CC13XX_CC26XX_SDK_INSTALL_DIR}/source/ti/ble5stack/icall/app/icall_api_lite.c
In project: examples/rtos/LP_CC1352P7_1/ti_sidewalk/sid_demo/freertos/gcc/sid_demo_LP_CC1352P7_1_freertos_gcc.projectspec

File not found: ${COM_TI_SIMPLELINK_CC13XX_CC26XX_SDK_INSTALL_DIR}/source/ti/ble5stack/icall/src/icall_cc2650.c
In project: examples/rtos/LP_CC1352P7_1/ti_sidewalk/sid_demo/freertos/gcc/sid_demo_LP_CC1352P7_1_freertos_gcc.projectspec

File not found: ${COM_TI_SIMPLELINK_CC13XX_CC26XX_SDK_INSTALL_DIR}/source/ti/ble5stack/icall/src/icall_user_config.c
In project: examples/rtos/LP_CC1352P7_1/ti_sidewalk/sid_demo/freertos/gcc/sid_demo_LP_CC1352P7_1_freertos_gcc.projectspec

File not found: ${COM_TI_SIMPLELINK_CC13XX_CC26XX_SDK_INSTALL_DIR}/source/ti/ble5stack/icall/stack/ble_user_config_stack.c
In project: examples/rtos/LP_CC1352P7_1/ti_sidewalk/sid_demo/freertos/gcc/sid_demo_LP_CC1352P7_1_freertos_gcc.projectspec

File not found: ${COM_TI_SIMPLELINK_CC13XX_CC26XX_SDK_INSTALL_DIR}/source/ti/ble5stack/profiles/dev_info/cc26xx/devinfoservice.c
In project: examples/rtos/LP_CC1352P7_1/ti_sidewalk/sid_demo/freertos/gcc/sid_demo_LP_CC1352P7_1_freertos_gcc.projectspec

File not found: ${COM_TI_SIMPLELINK_CC13XX_CC26XX_SDK_INSTALL_DIR}/source/ti/ble5stack/rom/agama_r1/rom_init.c
In project: examples/rtos/LP_CC1352P7_1/ti_sidewalk/sid_demo/freertos/gcc/sid_demo_LP_CC1352P7_1_freertos_gcc.projectspec

File not found: ${COM_TI_SIMPLELINK_CC13XX_CC26XX_SDK_INSTALL_DIR}/source/ti/ti_sidewalk/apps/ti/sid_demo/app_source/cc1352p7/sysconfig/fsk_ti_radio_config.c
In project: examples/rtos/LP_CC1352P7_1/ti_sidewalk/sid_demo/freertos/gcc/sid_demo_LP_CC1352P7_1_freertos_gcc.projectspec

File not found: ${COM_TI_SIMPLELINK_CC13XX_CC26XX_SDK_INSTALL_DIR}/source/ti/ti_sidewalk/apps/ti/sid_demo/app_source/cc1352p7/sysconfig/fsk_ti_radio_config.h
In project: examples/rtos/LP_CC1352P7_1/ti_sidewalk/sid_demo/freertos/gcc/sid_demo_LP_CC1352P7_1_freertos_gcc.projectspec

File not found: ${COM_TI_SIMPLELINK_CC13XX_CC26XX_SDK_INSTALL_DIR}/source/ti/ti_sidewalk/apps/common/sal/ti/sid_pal/cc13xx_radio/cc13xx_radio.c
In project: examples/rtos/LP_CC1352P7_1/ti_sidewalk/sid_demo/freertos/gcc/sid_demo_LP_CC1352P7_1_freertos_gcc.projectspec

File not found: ${COM_TI_SIMPLELINK_CC13XX_CC26XX_SDK_INSTALL_DIR}/source/ti/ti_sidewalk/apps/common/sal/ti/sid_pal/cc13xx_radio/cc13xx_radio_fsk.c
In project: examples/rtos/LP_CC1352P7_1/ti_sidewalk/sid_demo/freertos/gcc/sid_demo_LP_CC1352P7_1_freertos_gcc.projectspec

File not found: ${COM_TI_SIMPLELINK_CC13XX_CC26XX_SDK_INSTALL_DIR}/source/ti/ti_sidewalk/apps/common/sal/ti/sid_pal/cc13xx_radio/cc13xx_radio_lora.c
In project: examples/rtos/LP_CC1352P7_1/ti_sidewalk/sid_demo/freertos/gcc/sid_demo_LP_CC1352P7_1_freertos_gcc.projectspec

File not found: ${COM_TI_SIMPLELINK_CC13XX_CC26XX_SDK_INSTALL_DIR}/source/ti/ti_sidewalk/apps/common/sal/ti/sid_pal/cc13xx_radio/ti/RFQueue.c
In project: examples/rtos/LP_CC1352P7_1/ti_sidewalk/sid_demo/freertos/gcc/sid_demo_LP_CC1352P7_1_freertos_gcc.projectspec

File not found: ${COM_TI_SIMPLELINK_CC13XX_CC26XX_SDK_INSTALL_DIR}/source/ti/ti_sidewalk/apps/common/sal/ti/sid_pal/cc13xx_radio/ti/cc13xx.c
In project: examples/rtos/LP_CC1352P7_1/ti_sidewalk/sid_demo/freertos/gcc/sid_demo_LP_CC1352P7_1_freertos_gcc.projectspec

File not found: ${COM_TI_SIMPLELINK_CC13XX_CC26XX_SDK_INSTALL_DIR}/source/ti/boards/LP_CC1352P7_1/Board.html
In project: examples/rtos/LP_CC1352P7_1/ti_sidewalk/sid_demo/freertos/gcc/sid_demo_LP_CC1352P7_1_freertos_gcc.projectspec

File not found: ${COM_TI_SIMPLELINK_CC13XX_CC26XX_SDK_INSTALL_DIR}/source/ti/ti_sidewalk/apps/common/sal/ti/sid_pal/assert.c
In project: examples/rtos/LP_CC2652R7/ti_sidewalk/sid_demo/freertos/gcc/sid_demo_LP_CC2652R7_freertos_gcc.projectspec

File not found: ${COM_TI_SIMPLELINK_CC13XX_CC26XX_SDK_INSTALL_DIR}/source/ti/ti_sidewalk/apps/common/sal/ti/sid_pal/critical_region.c
In project: examples/rtos/LP_CC2652R7/ti_sidewalk/sid_demo/freertos/gcc/sid_demo_LP_CC2652R7_freertos_gcc.projectspec

File not found: ${COM_TI_SIMPLELINK_CC13XX_CC26XX_SDK_INSTALL_DIR}/source/ti/ti_sidewalk/apps/common/sal/ti/sid_pal/crypto.c
In project: examples/rtos/LP_CC2652R7/ti_sidewalk/sid_demo/freertos/gcc/sid_demo_LP_CC2652R7_freertos_gcc.projectspec

File not found: ${COM_TI_SIMPLELINK_CC13XX_CC26XX_SDK_INSTALL_DIR}/source/ti/ti_sidewalk/apps/common/sal/ti/sid_pal/delay.c
In project: examples/rtos/LP_CC2652R7/ti_sidewalk/sid_demo/freertos/gcc/sid_demo_LP_CC2652R7_freertos_gcc.projectspec

File not found: ${COM_TI_SIMPLELINK_CC13XX_CC26XX_SDK_INSTALL_DIR}/source/ti/ti_sidewalk/apps/common/sal/ti/sid_pal/gpio.c
In project: examples/rtos/LP_CC2652R7/ti_sidewalk/sid_demo/freertos/gcc/sid_demo_LP_CC2652R7_freertos_gcc.projectspec

File not found: ${COM_TI_SIMPLELINK_CC13XX_CC26XX_SDK_INSTALL_DIR}/source/ti/ti_sidewalk/apps/common/sal/ti/sid_pal/log.c
In project: examples/rtos/LP_CC2652R7/ti_sidewalk/sid_demo/freertos/gcc/sid_demo_LP_CC2652R7_freertos_gcc.projectspec

File not found: ${COM_TI_SIMPLELINK_CC13XX_CC26XX_SDK_INSTALL_DIR}/source/ti/ti_sidewalk/apps/common/sal/ti/sid_pal/mfg_store.c
In project: examples/rtos/LP_CC2652R7/ti_sidewalk/sid_demo/freertos/gcc/sid_demo_LP_CC2652R7_freertos_gcc.projectspec

File not found: ${COM_TI_SIMPLELINK_CC13XX_CC26XX_SDK_INSTALL_DIR}/source/ti/ti_sidewalk/apps/common/sal/ti/sid_pal/storage_kv.c
In project: examples/rtos/LP_CC2652R7/ti_sidewalk/sid_demo/freertos/gcc/sid_demo_LP_CC2652R7_freertos_gcc.projectspec

File not found: ${COM_TI_SIMPLELINK_CC13XX_CC26XX_SDK_INSTALL_DIR}/source/ti/ti_sidewalk/apps/common/sal/ti/sid_pal/storage_patches/nvocmp.c
In project: examples/rtos/LP_CC2652R7/ti_sidewalk/sid_demo/freertos/gcc/sid_demo_LP_CC2652R7_freertos_gcc.projectspec

File not found: ${COM_TI_SIMPLELINK_CC13XX_CC26XX_SDK_INSTALL_DIR}/source/ti/ti_sidewalk/apps/common/sal/ti/sid_pal/swi.c
In project: examples/rtos/LP_CC2652R7/ti_sidewalk/sid_demo/freertos/gcc/sid_demo_LP_CC2652R7_freertos_gcc.projectspec

File not found: ${COM_TI_SIMPLELINK_CC13XX_CC26XX_SDK_INSTALL_DIR}/source/ti/ti_sidewalk/apps/common/sal/ti/sid_pal/temperature.c
In project: examples/rtos/LP_CC2652R7/ti_sidewalk/sid_demo/freertos/gcc/sid_demo_LP_CC2652R7_freertos_gcc.projectspec

File not found: ${COM_TI_SIMPLELINK_CC13XX_CC26XX_SDK_INSTALL_DIR}/source/ti/ti_sidewalk/apps/common/sal/ti/sid_pal/ti_itm.c
In project: examples/rtos/LP_CC2652R7/ti_sidewalk/sid_demo/freertos/gcc/sid_demo_LP_CC2652R7_freertos_gcc.projectspec

File not found: ${COM_TI_SIMPLELINK_CC13XX_CC26XX_SDK_INSTALL_DIR}/source/ti/ti_sidewalk/apps/common/sal/ti/sid_pal/timer.c
In project: examples/rtos/LP_CC2652R7/ti_sidewalk/sid_demo/freertos/gcc/sid_demo_LP_CC2652R7_freertos_gcc.projectspec

File not found: ${COM_TI_SIMPLELINK_CC13XX_CC26XX_SDK_INSTALL_DIR}/source/ti/ti_sidewalk/apps/common/sal/ti/sid_pal/uptime.c
In project: examples/rtos/LP_CC2652R7/ti_sidewalk/sid_demo/freertos/gcc/sid_demo_LP_CC2652R7_freertos_gcc.projectspec

File not found: ${COM_TI_SIMPLELINK_CC13XX_CC26XX_SDK_INSTALL_DIR}/source/ti/common/nv/crc.c
In project: examples/rtos/LP_CC2652R7/ti_sidewalk/sid_demo/freertos/gcc/sid_demo_LP_CC2652R7_freertos_gcc.projectspec

File not found: ${COM_TI_SIMPLELINK_CC13XX_CC26XX_SDK_INSTALL_DIR}/source/ti/ti_sidewalk/apps/common/sal/ti/sid_pal/ble_adapter/ble_adapter.c
In project: examples/rtos/LP_CC2652R7/ti_sidewalk/sid_demo/freertos/gcc/sid_demo_LP_CC2652R7_freertos_gcc.projectspec

File not found: ${COM_TI_SIMPLELINK_CC13XX_CC26XX_SDK_INSTALL_DIR}/source/ti/ti_sidewalk/apps/ti/common/components/ti_ble/osal_icall_ble.c
In project: examples/rtos/LP_CC2652R7/ti_sidewalk/sid_demo/freertos/gcc/sid_demo_LP_CC2652R7_freertos_gcc.projectspec

File not found: ${COM_TI_SIMPLELINK_CC13XX_CC26XX_SDK_INSTALL_DIR}/source/ti/ti_sidewalk/dpk_impl/sid_mcu/ti/hal/iot_ble/iot_ble_hal_gatt_server.c
In project: examples/rtos/LP_CC2652R7/ti_sidewalk/sid_demo/freertos/gcc/sid_demo_LP_CC2652R7_freertos_gcc.projectspec

File not found: ${COM_TI_SIMPLELINK_CC13XX_CC26XX_SDK_INSTALL_DIR}/source/ti/ti_sidewalk/dpk_impl/sid_mcu/ti/hal/iot_ble/iot_ble_hal_manager.c
In project: examples/rtos/LP_CC2652R7/ti_sidewalk/sid_demo/freertos/gcc/sid_demo_LP_CC2652R7_freertos_gcc.projectspec

File not found: ${COM_TI_SIMPLELINK_CC13XX_CC26XX_SDK_INSTALL_DIR}/source/ti/ti_sidewalk/dpk_impl/sid_mcu/ti/hal/iot_ble/iot_ble_hal_manager_adapter_ble.c
In project: examples/rtos/LP_CC2652R7/ti_sidewalk/sid_demo/freertos/gcc/sid_demo_LP_CC2652R7_freertos_gcc.projectspec

File not found: ${COM_TI_SIMPLELINK_CC13XX_CC26XX_SDK_INSTALL_DIR}/source/ti/ti_sidewalk/dpk_impl/sid_mcu/ti/hal/iot_ble/iot_ble_hal_mq_task.c
In project: examples/rtos/LP_CC2652R7/ti_sidewalk/sid_demo/freertos/gcc/sid_demo_LP_CC2652R7_freertos_gcc.projectspec

File not found: ${COM_TI_SIMPLELINK_CC13XX_CC26XX_SDK_INSTALL_DIR}/source/ti/ti_sidewalk/dpk_impl/sid_mcu/ti/hal/iot_ble/iot_ble_hal_types.c
In project: examples/rtos/LP_CC2652R7/ti_sidewalk/sid_demo/freertos/gcc/sid_demo_LP_CC2652R7_freertos_gcc.projectspec

File not found: ${COM_TI_SIMPLELINK_CC13XX_CC26XX_SDK_INSTALL_DIR}/source/ti/ti_sidewalk/dpk_impl/sid_mcu/ti/hal/sid_hal/ti_sid_hal_memory.c
In project: examples/rtos/LP_CC2652R7/ti_sidewalk/sid_demo/freertos/gcc/sid_demo_LP_CC2652R7_freertos_gcc.projectspec

File not found: ${COM_TI_SIMPLELINK_CC13XX_CC26XX_SDK_INSTALL_DIR}/source/ti/ti_sidewalk/dpk_impl/sid_mcu/ti/hal/sid_hal/ti_sid_hal_reset.c
In project: examples/rtos/LP_CC2652R7/ti_sidewalk/sid_demo/freertos/gcc/sid_demo_LP_CC2652R7_freertos_gcc.projectspec

File not found: ${COM_TI_SIMPLELINK_CC13XX_CC26XX_SDK_INSTALL_DIR}/source/ti/ble5stack/common/cc26xx/freertos/TI_heap_wrapper.c
In project: examples/rtos/LP_CC2652R7/ti_sidewalk/sid_demo/freertos/gcc/sid_demo_LP_CC2652R7_freertos_gcc.projectspec

File not found: ${COM_TI_SIMPLELINK_CC13XX_CC26XX_SDK_INSTALL_DIR}/source/ti/ble5stack/common/cc26xx/freertos/bget.c
In project: examples/rtos/LP_CC2652R7/ti_sidewalk/sid_demo/freertos/gcc/sid_demo_LP_CC2652R7_freertos_gcc.projectspec

File not found: ${COM_TI_SIMPLELINK_CC13XX_CC26XX_SDK_INSTALL_DIR}/source/ti/ble5stack/common/cc26xx/freertos/icall_POSIX.c
In project: examples/rtos/LP_CC2652R7/ti_sidewalk/sid_demo/freertos/gcc/sid_demo_LP_CC2652R7_freertos_gcc.projectspec

File not found: ${COM_TI_SIMPLELINK_CC13XX_CC26XX_SDK_INSTALL_DIR}/source/ti/ble5stack/host/gatt_uuid.c
In project: examples/rtos/LP_CC2652R7/ti_sidewalk/sid_demo/freertos/gcc/sid_demo_LP_CC2652R7_freertos_gcc.projectspec

File not found: ${COM_TI_SIMPLELINK_CC13XX_CC26XX_SDK_INSTALL_DIR}/source/ti/ble5stack/host/gattservapp_util.c
In project: examples/rtos/LP_CC2652R7/ti_sidewalk/sid_demo/freertos/gcc/sid_demo_LP_CC2652R7_freertos_gcc.projectspec

File not found: ${COM_TI_SIMPLELINK_CC13XX_CC26XX_SDK_INSTALL_DIR}/source/ti/ble5stack/icall/app/ble_user_config.c
In project: examples/rtos/LP_CC2652R7/ti_sidewalk/sid_demo/freertos/gcc/sid_demo_LP_CC2652R7_freertos_gcc.projectspec

File not found: ${COM_TI_SIMPLELINK_CC13XX_CC26XX_SDK_INSTALL_DIR}/source/ti/ble5stack/icall/app/icall_api_lite.c
In project: examples/rtos/LP_CC2652R7/ti_sidewalk/sid_demo/freertos/gcc/sid_demo_LP_CC2652R7_freertos_gcc.projectspec

File not found: ${COM_TI_SIMPLELINK_CC13XX_CC26XX_SDK_INSTALL_DIR}/source/ti/ble5stack/icall/src/icall_cc2650.c
In project: examples/rtos/LP_CC2652R7/ti_sidewalk/sid_demo/freertos/gcc/sid_demo_LP_CC2652R7_freertos_gcc.projectspec

File not found: ${COM_TI_SIMPLELINK_CC13XX_CC26XX_SDK_INSTALL_DIR}/source/ti/ble5stack/icall/src/icall_user_config.c
In project: examples/rtos/LP_CC2652R7/ti_sidewalk/sid_demo/freertos/gcc/sid_demo_LP_CC2652R7_freertos_gcc.projectspec

File not found: ${COM_TI_SIMPLELINK_CC13XX_CC26XX_SDK_INSTALL_DIR}/source/ti/ble5stack/icall/stack/ble_user_config_stack.c
In project: examples/rtos/LP_CC2652R7/ti_sidewalk/sid_demo/freertos/gcc/sid_demo_LP_CC2652R7_freertos_gcc.projectspec

File not found: ${COM_TI_SIMPLELINK_CC13XX_CC26XX_SDK_INSTALL_DIR}/source/ti/ble5stack/profiles/dev_info/cc26xx/devinfoservice.c
In project: examples/rtos/LP_CC2652R7/ti_sidewalk/sid_demo/freertos/gcc/sid_demo_LP_CC2652R7_freertos_gcc.projectspec

File not found: ${COM_TI_SIMPLELINK_CC13XX_CC26XX_SDK_INSTALL_DIR}/source/ti/ble5stack/rom/agama_r1/rom_init.c
In project: examples/rtos/LP_CC2652R7/ti_sidewalk/sid_demo/freertos/gcc/sid_demo_LP_CC2652R7_freertos_gcc.projectspec

File not found: ${COM_TI_SIMPLELINK_CC13XX_CC26XX_SDK_INSTALL_DIR}/source/ti/boards/LP_CC2652R7/Board.html
In project: examples/rtos/LP_CC2652R7/ti_sidewalk/sid_demo/freertos/gcc/sid_demo_LP_CC2652R7_freertos_gcc.projectspec

File not found: ${COM_TI_SIMPLELINK_CC13XX_CC26XX_SDK_INSTALL_DIR}/source/ti/posix/freertos/clock.c
In project: source/ti/ble5stack/common/cc26xx/freertos/release/gcc/freertos_builds_CC26X2R1_LAUNCHXL_release_gcc.projectspec

File not found: ${COM_TI_SIMPLELINK_CC13XX_CC26XX_SDK_INSTALL_DIR}/source/ti/posix/freertos/memory.c
In project: source/ti/ble5stack/common/cc26xx/freertos/release/gcc/freertos_builds_CC26X2R1_LAUNCHXL_release_gcc.projectspec

File not found: ${COM_TI_SIMPLELINK_CC13XX_CC26XX_SDK_INSTALL_DIR}/source/ti/posix/freertos/mqueue.c
In project: source/ti/ble5stack/common/cc26xx/freertos/release/gcc/freertos_builds_CC26X2R1_LAUNCHXL_release_gcc.projectspec

File not found: ${COM_TI_SIMPLELINK_CC13XX_CC26XX_SDK_INSTALL_DIR}/source/ti/posix/freertos/pthread_barrier.c
In project: source/ti/ble5stack/common/cc26xx/freertos/release/gcc/freertos_builds_CC26X2R1_LAUNCHXL_release_gcc.projectspec

File not found: ${COM_TI_SIMPLELINK_CC13XX_CC26XX_SDK_INSTALL_DIR}/source/ti/posix/freertos/pthread_cond.c
In project: source/ti/ble5stack/common/cc26xx/freertos/release/gcc/freertos_builds_CC26X2R1_LAUNCHXL_release_gcc.projectspec

File not found: ${COM_TI_SIMPLELINK_CC13XX_CC26XX_SDK_INSTALL_DIR}/source/ti/posix/freertos/pthread.c
In project: source/ti/ble5stack/common/cc26xx/freertos/release/gcc/freertos_builds_CC26X2R1_LAUNCHXL_release_gcc.projectspec

File not found: ${COM_TI_SIMPLELINK_CC13XX_CC26XX_SDK_INSTALL_DIR}/source/ti/posix/freertos/pthread_mutex.c
In project: source/ti/ble5stack/common/cc26xx/freertos/release/gcc/freertos_builds_CC26X2R1_LAUNCHXL_release_gcc.projectspec

File not found: ${COM_TI_SIMPLELINK_CC13XX_CC26XX_SDK_INSTALL_DIR}/source/ti/posix/freertos/pthread_rwlock.c
In project: source/ti/ble5stack/common/cc26xx/freertos/release/gcc/freertos_builds_CC26X2R1_LAUNCHXL_release_gcc.projectspec

File not found: ${COM_TI_SIMPLELINK_CC13XX_CC26XX_SDK_INSTALL_DIR}/source/ti/posix/freertos/sched.c
In project: source/ti/ble5stack/common/cc26xx/freertos/release/gcc/freertos_builds_CC26X2R1_LAUNCHXL_release_gcc.projectspec

File not found: ${COM_TI_SIMPLELINK_CC13XX_CC26XX_SDK_INSTALL_DIR}/source/ti/posix/freertos/semaphore.c
In project: source/ti/ble5stack/common/cc26xx/freertos/release/gcc/freertos_builds_CC26X2R1_LAUNCHXL_release_gcc.projectspec

File not found: ${COM_TI_SIMPLELINK_CC13XX_CC26XX_SDK_INSTALL_DIR}/source/ti/posix/freertos/sleep.c
In project: source/ti/ble5stack/common/cc26xx/freertos/release/gcc/freertos_builds_CC26X2R1_LAUNCHXL_release_gcc.projectspec

File not found: ${COM_TI_SIMPLELINK_CC13XX_CC26XX_SDK_INSTALL_DIR}/source/ti/posix/freertos/timer.c
In project: source/ti/ble5stack/common/cc26xx/freertos/release/gcc/freertos_builds_CC26X2R1_LAUNCHXL_release_gcc.projectspec

File not found: ${FREERTOS_INSTALL_DIR}/FreeRTOS/Source/croutine.c
In project: source/ti/ble5stack/common/cc26xx/freertos/release/gcc/freertos_builds_CC26X2R1_LAUNCHXL_release_gcc.projectspec

File not found: ${FREERTOS_INSTALL_DIR}/FreeRTOS/Source/event_groups.c
In project: source/ti/ble5stack/common/cc26xx/freertos/release/gcc/freertos_builds_CC26X2R1_LAUNCHXL_release_gcc.projectspec

File not found: ${FREERTOS_INSTALL_DIR}/FreeRTOS/Source/list.c
In project: source/ti/ble5stack/common/cc26xx/freertos/release/gcc/freertos_builds_CC26X2R1_LAUNCHXL_release_gcc.projectspec

File not found: ${FREERTOS_INSTALL_DIR}/FreeRTOS/Source/queue.c
In project: source/ti/ble5stack/common/cc26xx/freertos/release/gcc/freertos_builds_CC26X2R1_LAUNCHXL_release_gcc.projectspec

File not found: ${FREERTOS_INSTALL_DIR}/FreeRTOS/Source/stream_buffer.c
In project: source/ti/ble5stack/common/cc26xx/freertos/release/gcc/freertos_builds_CC26X2R1_LAUNCHXL_release_gcc.projectspec

File not found: ${FREERTOS_INSTALL_DIR}/FreeRTOS/Source/tasks.c
In project: source/ti/ble5stack/common/cc26xx/freertos/release/gcc/freertos_builds_CC26X2R1_LAUNCHXL_release_gcc.projectspec

File not found: ${FREERTOS_INSTALL_DIR}/FreeRTOS/Source/timers.c
In project: source/ti/ble5stack/common/cc26xx/freertos/release/gcc/freertos_builds_CC26X2R1_LAUNCHXL_release_gcc.projectspec

File not found: ${COM_TI_SIMPLELINK_CC13XX_CC26XX_SDK_INSTALL_DIR}/kernel/freertos/dpl/ClockPCC26X2_freertos.c
In project: source/ti/ble5stack/common/cc26xx/freertos/release/gcc/freertos_builds_CC26X2R1_LAUNCHXL_release_gcc.projectspec

File not found: ${COM_TI_SIMPLELINK_CC13XX_CC26XX_SDK_INSTALL_DIR}/kernel/freertos/dpl/DebugP_freertos.c
In project: source/ti/ble5stack/common/cc26xx/freertos/release/gcc/freertos_builds_CC26X2R1_LAUNCHXL_release_gcc.projectspec

File not found: ${COM_TI_SIMPLELINK_CC13XX_CC26XX_SDK_INSTALL_DIR}/kernel/freertos/dpl/MutexP_freertos.c
In project: source/ti/ble5stack/common/cc26xx/freertos/release/gcc/freertos_builds_CC26X2R1_LAUNCHXL_release_gcc.projectspec

File not found: ${COM_TI_SIMPLELINK_CC13XX_CC26XX_SDK_INSTALL_DIR}/kernel/freertos/dpl/SemaphoreP_freertos.c
In project: source/ti/ble5stack/common/cc26xx/freertos/release/gcc/freertos_builds_CC26X2R1_LAUNCHXL_release_gcc.projectspec

File not found: ${COM_TI_SIMPLELINK_CC13XX_CC26XX_SDK_INSTALL_DIR}/kernel/freertos/dpl/SystemP_freertos.c
In project: source/ti/ble5stack/common/cc26xx/freertos/release/gcc/freertos_builds_CC26X2R1_LAUNCHXL_release_gcc.projectspec

File not found: ${FREERTOS_INSTALL_DIR}/FreeRTOS/Source/portable/GCC/ARM_CM4F/port.c
In project: source/ti/ble5stack/common/cc26xx/freertos/release/gcc/freertos_builds_CC26X2R1_LAUNCHXL_release_gcc.projectspec

File not found: ${COM_TI_SIMPLELINK_CC13XX_CC26XX_SDK_INSTALL_DIR}/kernel/freertos/dpl/HwiPCC26X2_freertos.c
In project: source/ti/ble5stack/common/cc26xx/freertos/release/gcc/freertos_builds_CC26X2R1_LAUNCHXL_release_gcc.projectspec

File not found: ${COM_TI_SIMPLELINK_CC13XX_CC26XX_SDK_INSTALL_DIR}/kernel/freertos/dpl/PowerCC26X2_freertos.c
In project: source/ti/ble5stack/common/cc26xx/freertos/release/gcc/freertos_builds_CC26X2R1_LAUNCHXL_release_gcc.projectspec

File not found: ${COM_TI_SIMPLELINK_CC13XX_CC26XX_SDK_INSTALL_DIR}/kernel/freertos/dpl/QueueP_freertos.c
In project: source/ti/ble5stack/common/cc26xx/freertos/release/gcc/freertos_builds_CC26X2R1_LAUNCHXL_release_gcc.projectspec

File not found: ${COM_TI_SIMPLELINK_CC13XX_CC26XX_SDK_INSTALL_DIR}/kernel/freertos/dpl/StaticAllocs_freertos.c
In project: source/ti/ble5stack/common/cc26xx/freertos/release/gcc/freertos_builds_CC26X2R1_LAUNCHXL_release_gcc.projectspec

File not found: ${COM_TI_SIMPLELINK_CC13XX_CC26XX_SDK_INSTALL_DIR}/kernel/freertos/dpl/SwiP_freertos.c
In project: source/ti/ble5stack/common/cc26xx/freertos/release/gcc/freertos_builds_CC26X2R1_LAUNCHXL_release_gcc.projectspec

File not found: ${COM_TI_SIMPLELINK_CC13XX_CC26XX_SDK_INSTALL_DIR}/kernel/freertos/dpl/TimerPCC26XX_freertos.c
In project: source/ti/ble5stack/common/cc26xx/freertos/release/gcc/freertos_builds_CC26X2R1_LAUNCHXL_release_gcc.projectspec

File not found: ${COM_TI_SIMPLELINK_CC13XX_CC26XX_SDK_INSTALL_DIR}/kernel/freertos/startup/startup_cc13x2_cc26x2_gcc.c
In project: source/ti/ble5stack/common/cc26xx/freertos/release/gcc/freertos_builds_CC26X2R1_LAUNCHXL_release_gcc.projectspec

File not found: ${COM_TI_SIMPLELINK_CC13XX_CC26XX_SDK_INSTALL_DIR}/source/ti/ble5stack/common/cc26xx/freertos/FreeRTOSConfig.h
In project: source/ti/ble5stack/common/cc26xx/freertos/release/gcc/freertos_builds_CC26X2R1_LAUNCHXL_release_gcc.projectspec

File not found: ${COM_TI_SIMPLELINK_CC13XX_CC26XX_SDK_INSTALL_DIR}/source/ti/ble5stack/common/cc26xx/freertos/TI_heap_wrapper.c
In project: source/ti/ble5stack/common/cc26xx/freertos/release/gcc/freertos_builds_CC26X2R1_LAUNCHXL_release_gcc.projectspec

File not found: ${COM_TI_SIMPLELINK_CC13XX_CC26XX_SDK_INSTALL_DIR}/source/ti/ble5stack/common/cc26xx/freertos/bget.c
In project: source/ti/ble5stack/common/cc26xx/freertos/release/gcc/freertos_builds_CC26X2R1_LAUNCHXL_release_gcc.projectspec

File not found: ../../../../hal/src/target/_common/cc26xx/mb.h
In project: source/ti/ble5stack_flash/lib_projects/StackWrapper_flash/tirtos/ccs/stack_wrapper_flash.projectspec

File not found: ../../../../hal/src/target/_common/cc26xx/rf_hal.h
In project: source/ti/ble5stack_flash/lib_projects/StackWrapper_flash/tirtos/ccs/stack_wrapper_flash.projectspec

File not found: Stack_Wrapper_26p3.opt
In project: source/ti/ble5stack_flash/lib_projects/StackWrapper_flash/tirtos/ccs/stack_wrapper_flash.projectspec

File not found: build_config.opt
In project: source/ti/ble5stack_flash/lib_projects/StackWrapper_flash/tirtos/ccs/stack_wrapper_flash.projectspec

File not found: ../../../../hal/src/target/_common/cc26xx/mb.h
In project: source/ti/ble5stack_flash/lib_projects/StackWrapper_flash/tirtos/ticlang/stack_wrapper_flash_ticlang.projectspec

File not found: ../../../../hal/src/target/_common/cc26xx/rf_hal.h
In project: source/ti/ble5stack_flash/lib_projects/StackWrapper_flash/tirtos/ticlang/stack_wrapper_flash_ticlang.projectspec

File not found: Stack_Wrapper_26p3.opt
In project: source/ti/ble5stack_flash/lib_projects/StackWrapper_flash/tirtos/ticlang/stack_wrapper_flash_ticlang.projectspec

File not found: build_config.opt
In project: source/ti/ble5stack_flash/lib_projects/StackWrapper_flash/tirtos/ticlang/stack_wrapper_flash_ticlang.projectspec

File not found: ${FREERTOS_INSTALL_DIR}/FreeRTOS/Source/portable/CCS/ARM_CM4F/portasm.asm
In project: source/ti/dmm/apps/common/freertos/freertos_builds/release/ccs/freertos_builds_CC1352R1_LAUNCHXL_release_ccs.projectspec

File not found: ${FREERTOS_INSTALL_DIR}/FreeRTOS/Source/portable/CCS/ARM_CM4F/port.c
In project: source/ti/dmm/apps/common/freertos/freertos_builds/release/ccs/freertos_builds_CC1352R1_LAUNCHXL_release_ccs.projectspec

File not found: ${COM_TI_SIMPLELINK_CC13XX_CC26XX_SDK_DMM_DEV_INSTALL_DIR}/kernel/freertos/startup/startup_cc13x2_cc26x2_ccs.c
In project: source/ti/dmm/apps/common/freertos/freertos_builds/release/ccs/freertos_builds_CC1352R1_LAUNCHXL_release_ccs.projectspec

File not found: ${COM_TI_SIMPLELINK_CC13XX_CC26XX_SDK_DMM_DEV_INSTALL_DIR}/source/ti/posix/freertos/PTLS.c
In project: source/ti/dmm/apps/common/freertos/freertos_builds/release/ccs/freertos_builds_CC1352R1_LAUNCHXL_release_ccs.projectspec

File not found: ${FREERTOS_INSTALL_DIR}/FreeRTOS/Source/croutine.c
In project: source/ti/dmm/apps/common/freertos/freertos_builds/release/ccs/freertos_builds_CC1352R1_LAUNCHXL_release_ccs.projectspec

File not found: ${FREERTOS_INSTALL_DIR}/FreeRTOS/Source/event_groups.c
In project: source/ti/dmm/apps/common/freertos/freertos_builds/release/ccs/freertos_builds_CC1352R1_LAUNCHXL_release_ccs.projectspec

File not found: ${FREERTOS_INSTALL_DIR}/FreeRTOS/Source/list.c
In project: source/ti/dmm/apps/common/freertos/freertos_builds/release/ccs/freertos_builds_CC1352R1_LAUNCHXL_release_ccs.projectspec

File not found: ${FREERTOS_INSTALL_DIR}/FreeRTOS/Source/queue.c
In project: source/ti/dmm/apps/common/freertos/freertos_builds/release/ccs/freertos_builds_CC1352R1_LAUNCHXL_release_ccs.projectspec

File not found: ${FREERTOS_INSTALL_DIR}/FreeRTOS/Source/stream_buffer.c
In project: source/ti/dmm/apps/common/freertos/freertos_builds/release/ccs/freertos_builds_CC1352R1_LAUNCHXL_release_ccs.projectspec

File not found: ${FREERTOS_INSTALL_DIR}/FreeRTOS/Source/tasks.c
In project: source/ti/dmm/apps/common/freertos/freertos_builds/release/ccs/freertos_builds_CC1352R1_LAUNCHXL_release_ccs.projectspec

File not found: ${FREERTOS_INSTALL_DIR}/FreeRTOS/Source/timers.c
In project: source/ti/dmm/apps/common/freertos/freertos_builds/release/ccs/freertos_builds_CC1352R1_LAUNCHXL_release_ccs.projectspec

File not found: ${COM_TI_SIMPLELINK_CC13XX_CC26XX_SDK_DMM_DEV_INSTALL_DIR}/source/ti/posix/freertos/clock.c
In project: source/ti/dmm/apps/common/freertos/freertos_builds/release/ccs/freertos_builds_CC1352R1_LAUNCHXL_release_ccs.projectspec

File not found: ${COM_TI_SIMPLELINK_CC13XX_CC26XX_SDK_DMM_DEV_INSTALL_DIR}/source/ti/posix/freertos/sleep.c
In project: source/ti/dmm/apps/common/freertos/freertos_builds/release/ccs/freertos_builds_CC1352R1_LAUNCHXL_release_ccs.projectspec

File not found: ${COM_TI_SIMPLELINK_CC13XX_CC26XX_SDK_DMM_DEV_INSTALL_DIR}/source/ti/posix/freertos/memory.c
In project: source/ti/dmm/apps/common/freertos/freertos_builds/release/ccs/freertos_builds_CC1352R1_LAUNCHXL_release_ccs.projectspec

File not found: ${COM_TI_SIMPLELINK_CC13XX_CC26XX_SDK_DMM_DEV_INSTALL_DIR}/source/ti/posix/freertos/mqueue.c
In project: source/ti/dmm/apps/common/freertos/freertos_builds/release/ccs/freertos_builds_CC1352R1_LAUNCHXL_release_ccs.projectspec

File not found: ${COM_TI_SIMPLELINK_CC13XX_CC26XX_SDK_DMM_DEV_INSTALL_DIR}/source/ti/posix/freertos/pthread_barrier.c
In project: source/ti/dmm/apps/common/freertos/freertos_builds/release/ccs/freertos_builds_CC1352R1_LAUNCHXL_release_ccs.projectspec

File not found: ${COM_TI_SIMPLELINK_CC13XX_CC26XX_SDK_DMM_DEV_INSTALL_DIR}/source/ti/posix/freertos/pthread_cond.c
In project: source/ti/dmm/apps/common/freertos/freertos_builds/release/ccs/freertos_builds_CC1352R1_LAUNCHXL_release_ccs.projectspec

File not found: ${COM_TI_SIMPLELINK_CC13XX_CC26XX_SDK_DMM_DEV_INSTALL_DIR}/source/ti/posix/freertos/pthread.c
In project: source/ti/dmm/apps/common/freertos/freertos_builds/release/ccs/freertos_builds_CC1352R1_LAUNCHXL_release_ccs.projectspec

File not found: ${COM_TI_SIMPLELINK_CC13XX_CC26XX_SDK_DMM_DEV_INSTALL_DIR}/source/ti/posix/freertos/pthread_mutex.c
In project: source/ti/dmm/apps/common/freertos/freertos_builds/release/ccs/freertos_builds_CC1352R1_LAUNCHXL_release_ccs.projectspec

File not found: ${COM_TI_SIMPLELINK_CC13XX_CC26XX_SDK_DMM_DEV_INSTALL_DIR}/source/ti/posix/freertos/pthread_rwlock.c
In project: source/ti/dmm/apps/common/freertos/freertos_builds/release/ccs/freertos_builds_CC1352R1_LAUNCHXL_release_ccs.projectspec

File not found: ${COM_TI_SIMPLELINK_CC13XX_CC26XX_SDK_DMM_DEV_INSTALL_DIR}/source/ti/posix/freertos/semaphore.c
In project: source/ti/dmm/apps/common/freertos/freertos_builds/release/ccs/freertos_builds_CC1352R1_LAUNCHXL_release_ccs.projectspec

File not found: ${COM_TI_SIMPLELINK_CC13XX_CC26XX_SDK_DMM_DEV_INSTALL_DIR}/source/ti/posix/freertos/timer.c
In project: source/ti/dmm/apps/common/freertos/freertos_builds/release/ccs/freertos_builds_CC1352R1_LAUNCHXL_release_ccs.projectspec

File not found: ${COM_TI_SIMPLELINK_CC13XX_CC26XX_SDK_DMM_DEV_INSTALL_DIR}/kernel/freertos/dpl/ClockPCC26X2_freertos.c
In project: source/ti/dmm/apps/common/freertos/freertos_builds/release/ccs/freertos_builds_CC1352R1_LAUNCHXL_release_ccs.projectspec

File not found: ${COM_TI_SIMPLELINK_CC13XX_CC26XX_SDK_DMM_DEV_INSTALL_DIR}/kernel/freertos/dpl/DebugP_freertos.c
In project: source/ti/dmm/apps/common/freertos/freertos_builds/release/ccs/freertos_builds_CC1352R1_LAUNCHXL_release_ccs.projectspec

File not found: ${COM_TI_SIMPLELINK_CC13XX_CC26XX_SDK_DMM_DEV_INSTALL_DIR}/kernel/freertos/dpl/MutexP_freertos.c
In project: source/ti/dmm/apps/common/freertos/freertos_builds/release/ccs/freertos_builds_CC1352R1_LAUNCHXL_release_ccs.projectspec

File not found: ${COM_TI_SIMPLELINK_CC13XX_CC26XX_SDK_DMM_DEV_INSTALL_DIR}/kernel/freertos/dpl/SemaphoreP_freertos.c
In project: source/ti/dmm/apps/common/freertos/freertos_builds/release/ccs/freertos_builds_CC1352R1_LAUNCHXL_release_ccs.projectspec

File not found: ${COM_TI_SIMPLELINK_CC13XX_CC26XX_SDK_DMM_DEV_INSTALL_DIR}/kernel/freertos/dpl/SystemP_freertos.c
In project: source/ti/dmm/apps/common/freertos/freertos_builds/release/ccs/freertos_builds_CC1352R1_LAUNCHXL_release_ccs.projectspec

File not found: ${COM_TI_SIMPLELINK_CC13XX_CC26XX_SDK_DMM_DEV_INSTALL_DIR}/kernel/freertos/dpl/HwiPCC26X2_freertos.c
In project: source/ti/dmm/apps/common/freertos/freertos_builds/release/ccs/freertos_builds_CC1352R1_LAUNCHXL_release_ccs.projectspec

File not found: ${COM_TI_SIMPLELINK_CC13XX_CC26XX_SDK_DMM_DEV_INSTALL_DIR}/kernel/freertos/dpl/PowerCC26X2_freertos.c
In project: source/ti/dmm/apps/common/freertos/freertos_builds/release/ccs/freertos_builds_CC1352R1_LAUNCHXL_release_ccs.projectspec

File not found: ${COM_TI_SIMPLELINK_CC13XX_CC26XX_SDK_DMM_DEV_INSTALL_DIR}/kernel/freertos/dpl/QueueP_freertos.c
In project: source/ti/dmm/apps/common/freertos/freertos_builds/release/ccs/freertos_builds_CC1352R1_LAUNCHXL_release_ccs.projectspec

File not found: ${COM_TI_SIMPLELINK_CC13XX_CC26XX_SDK_DMM_DEV_INSTALL_DIR}/kernel/freertos/dpl/StaticAllocs_freertos.c
In project: source/ti/dmm/apps/common/freertos/freertos_builds/release/ccs/freertos_builds_CC1352R1_LAUNCHXL_release_ccs.projectspec

File not found: ${COM_TI_SIMPLELINK_CC13XX_CC26XX_SDK_DMM_DEV_INSTALL_DIR}/kernel/freertos/dpl/SwiP_freertos.c
In project: source/ti/dmm/apps/common/freertos/freertos_builds/release/ccs/freertos_builds_CC1352R1_LAUNCHXL_release_ccs.projectspec

File not found: ${COM_TI_SIMPLELINK_CC13XX_CC26XX_SDK_DMM_DEV_INSTALL_DIR}/kernel/freertos/dpl/TimerPCC26XX_freertos.c
In project: source/ti/dmm/apps/common/freertos/freertos_builds/release/ccs/freertos_builds_CC1352R1_LAUNCHXL_release_ccs.projectspec

File not found: ${COM_TI_SIMPLELINK_CC13XX_CC26XX_SDK_DMM_DEV_INSTALL_DIR}/source/ti/dmm/apps/common/freertos/FreeRTOSConfig.h
In project: source/ti/dmm/apps/common/freertos/freertos_builds/release/ccs/freertos_builds_CC1352R1_LAUNCHXL_release_ccs.projectspec

File not found: ${FREERTOS_INSTALL_DIR}/FreeRTOS/Source/portable/CCS/ARM_CM4F/portasm.asm
In project: source/ti/dmm/apps/common/freertos/freertos_builds/release/ccs/freertos_builds_CC26X2R1_LAUNCHXL_release_ccs.projectspec

File not found: ${FREERTOS_INSTALL_DIR}/FreeRTOS/Source/portable/CCS/ARM_CM4F/port.c
In project: source/ti/dmm/apps/common/freertos/freertos_builds/release/ccs/freertos_builds_CC26X2R1_LAUNCHXL_release_ccs.projectspec

File not found: ${COM_TI_SIMPLELINK_CC13XX_CC26XX_SDK_DMM_DEV_INSTALL_DIR}/kernel/freertos/startup/startup_cc13x2_cc26x2_ccs.c
In project: source/ti/dmm/apps/common/freertos/freertos_builds/release/ccs/freertos_builds_CC26X2R1_LAUNCHXL_release_ccs.projectspec

File not found: ${COM_TI_SIMPLELINK_CC13XX_CC26XX_SDK_DMM_DEV_INSTALL_DIR}/source/ti/posix/freertos/PTLS.c
In project: source/ti/dmm/apps/common/freertos/freertos_builds/release/ccs/freertos_builds_CC26X2R1_LAUNCHXL_release_ccs.projectspec

File not found: ${FREERTOS_INSTALL_DIR}/FreeRTOS/Source/croutine.c
In project: source/ti/dmm/apps/common/freertos/freertos_builds/release/ccs/freertos_builds_CC26X2R1_LAUNCHXL_release_ccs.projectspec

File not found: ${FREERTOS_INSTALL_DIR}/FreeRTOS/Source/event_groups.c
In project: source/ti/dmm/apps/common/freertos/freertos_builds/release/ccs/freertos_builds_CC26X2R1_LAUNCHXL_release_ccs.projectspec

File not found: ${FREERTOS_INSTALL_DIR}/FreeRTOS/Source/list.c
In project: source/ti/dmm/apps/common/freertos/freertos_builds/release/ccs/freertos_builds_CC26X2R1_LAUNCHXL_release_ccs.projectspec

File not found: ${FREERTOS_INSTALL_DIR}/FreeRTOS/Source/queue.c
In project: source/ti/dmm/apps/common/freertos/freertos_builds/release/ccs/freertos_builds_CC26X2R1_LAUNCHXL_release_ccs.projectspec

File not found: ${FREERTOS_INSTALL_DIR}/FreeRTOS/Source/stream_buffer.c
In project: source/ti/dmm/apps/common/freertos/freertos_builds/release/ccs/freertos_builds_CC26X2R1_LAUNCHXL_release_ccs.projectspec

File not found: ${FREERTOS_INSTALL_DIR}/FreeRTOS/Source/tasks.c
In project: source/ti/dmm/apps/common/freertos/freertos_builds/release/ccs/freertos_builds_CC26X2R1_LAUNCHXL_release_ccs.projectspec

File not found: ${FREERTOS_INSTALL_DIR}/FreeRTOS/Source/timers.c
In project: source/ti/dmm/apps/common/freertos/freertos_builds/release/ccs/freertos_builds_CC26X2R1_LAUNCHXL_release_ccs.projectspec

File not found: ${COM_TI_SIMPLELINK_CC13XX_CC26XX_SDK_DMM_DEV_INSTALL_DIR}/source/ti/posix/freertos/clock.c
In project: source/ti/dmm/apps/common/freertos/freertos_builds/release/ccs/freertos_builds_CC26X2R1_LAUNCHXL_release_ccs.projectspec

File not found: ${COM_TI_SIMPLELINK_CC13XX_CC26XX_SDK_DMM_DEV_INSTALL_DIR}/source/ti/posix/freertos/sleep.c
In project: source/ti/dmm/apps/common/freertos/freertos_builds/release/ccs/freertos_builds_CC26X2R1_LAUNCHXL_release_ccs.projectspec

File not found: ${COM_TI_SIMPLELINK_CC13XX_CC26XX_SDK_DMM_DEV_INSTALL_DIR}/source/ti/posix/freertos/memory.c
In project: source/ti/dmm/apps/common/freertos/freertos_builds/release/ccs/freertos_builds_CC26X2R1_LAUNCHXL_release_ccs.projectspec

File not found: ${COM_TI_SIMPLELINK_CC13XX_CC26XX_SDK_DMM_DEV_INSTALL_DIR}/source/ti/posix/freertos/mqueue.c
In project: source/ti/dmm/apps/common/freertos/freertos_builds/release/ccs/freertos_builds_CC26X2R1_LAUNCHXL_release_ccs.projectspec

File not found: ${COM_TI_SIMPLELINK_CC13XX_CC26XX_SDK_DMM_DEV_INSTALL_DIR}/source/ti/posix/freertos/pthread_barrier.c
In project: source/ti/dmm/apps/common/freertos/freertos_builds/release/ccs/freertos_builds_CC26X2R1_LAUNCHXL_release_ccs.projectspec

File not found: ${COM_TI_SIMPLELINK_CC13XX_CC26XX_SDK_DMM_DEV_INSTALL_DIR}/source/ti/posix/freertos/pthread_cond.c
In project: source/ti/dmm/apps/common/freertos/freertos_builds/release/ccs/freertos_builds_CC26X2R1_LAUNCHXL_release_ccs.projectspec

File not found: ${COM_TI_SIMPLELINK_CC13XX_CC26XX_SDK_DMM_DEV_INSTALL_DIR}/source/ti/posix/freertos/pthread.c
In project: source/ti/dmm/apps/common/freertos/freertos_builds/release/ccs/freertos_builds_CC26X2R1_LAUNCHXL_release_ccs.projectspec

File not found: ${COM_TI_SIMPLELINK_CC13XX_CC26XX_SDK_DMM_DEV_INSTALL_DIR}/source/ti/posix/freertos/pthread_mutex.c
In project: source/ti/dmm/apps/common/freertos/freertos_builds/release/ccs/freertos_builds_CC26X2R1_LAUNCHXL_release_ccs.projectspec

File not found: ${COM_TI_SIMPLELINK_CC13XX_CC26XX_SDK_DMM_DEV_INSTALL_DIR}/source/ti/posix/freertos/pthread_rwlock.c
In project: source/ti/dmm/apps/common/freertos/freertos_builds/release/ccs/freertos_builds_CC26X2R1_LAUNCHXL_release_ccs.projectspec

File not found: ${COM_TI_SIMPLELINK_CC13XX_CC26XX_SDK_DMM_DEV_INSTALL_DIR}/source/ti/posix/freertos/semaphore.c
In project: source/ti/dmm/apps/common/freertos/freertos_builds/release/ccs/freertos_builds_CC26X2R1_LAUNCHXL_release_ccs.projectspec

File not found: ${COM_TI_SIMPLELINK_CC13XX_CC26XX_SDK_DMM_DEV_INSTALL_DIR}/source/ti/posix/freertos/timer.c
In project: source/ti/dmm/apps/common/freertos/freertos_builds/release/ccs/freertos_builds_CC26X2R1_LAUNCHXL_release_ccs.projectspec

File not found: ${COM_TI_SIMPLELINK_CC13XX_CC26XX_SDK_DMM_DEV_INSTALL_DIR}/kernel/freertos/dpl/ClockPCC26X2_freertos.c
In project: source/ti/dmm/apps/common/freertos/freertos_builds/release/ccs/freertos_builds_CC26X2R1_LAUNCHXL_release_ccs.projectspec

File not found: ${COM_TI_SIMPLELINK_CC13XX_CC26XX_SDK_DMM_DEV_INSTALL_DIR}/kernel/freertos/dpl/DebugP_freertos.c
In project: source/ti/dmm/apps/common/freertos/freertos_builds/release/ccs/freertos_builds_CC26X2R1_LAUNCHXL_release_ccs.projectspec

File not found: ${COM_TI_SIMPLELINK_CC13XX_CC26XX_SDK_DMM_DEV_INSTALL_DIR}/kernel/freertos/dpl/MutexP_freertos.c
In project: source/ti/dmm/apps/common/freertos/freertos_builds/release/ccs/freertos_builds_CC26X2R1_LAUNCHXL_release_ccs.projectspec

File not found: ${COM_TI_SIMPLELINK_CC13XX_CC26XX_SDK_DMM_DEV_INSTALL_DIR}/kernel/freertos/dpl/SemaphoreP_freertos.c
In project: source/ti/dmm/apps/common/freertos/freertos_builds/release/ccs/freertos_builds_CC26X2R1_LAUNCHXL_release_ccs.projectspec

File not found: ${COM_TI_SIMPLELINK_CC13XX_CC26XX_SDK_DMM_DEV_INSTALL_DIR}/kernel/freertos/dpl/SystemP_freertos.c
In project: source/ti/dmm/apps/common/freertos/freertos_builds/release/ccs/freertos_builds_CC26X2R1_LAUNCHXL_release_ccs.projectspec

File not found: ${COM_TI_SIMPLELINK_CC13XX_CC26XX_SDK_DMM_DEV_INSTALL_DIR}/kernel/freertos/dpl/HwiPCC26X2_freertos.c
In project: source/ti/dmm/apps/common/freertos/freertos_builds/release/ccs/freertos_builds_CC26X2R1_LAUNCHXL_release_ccs.projectspec

File not found: ${COM_TI_SIMPLELINK_CC13XX_CC26XX_SDK_DMM_DEV_INSTALL_DIR}/kernel/freertos/dpl/PowerCC26X2_freertos.c
In project: source/ti/dmm/apps/common/freertos/freertos_builds/release/ccs/freertos_builds_CC26X2R1_LAUNCHXL_release_ccs.projectspec

File not found: ${COM_TI_SIMPLELINK_CC13XX_CC26XX_SDK_DMM_DEV_INSTALL_DIR}/kernel/freertos/dpl/QueueP_freertos.c
In project: source/ti/dmm/apps/common/freertos/freertos_builds/release/ccs/freertos_builds_CC26X2R1_LAUNCHXL_release_ccs.projectspec

File not found: ${COM_TI_SIMPLELINK_CC13XX_CC26XX_SDK_DMM_DEV_INSTALL_DIR}/kernel/freertos/dpl/StaticAllocs_freertos.c
In project: source/ti/dmm/apps/common/freertos/freertos_builds/release/ccs/freertos_builds_CC26X2R1_LAUNCHXL_release_ccs.projectspec

File not found: ${COM_TI_SIMPLELINK_CC13XX_CC26XX_SDK_DMM_DEV_INSTALL_DIR}/kernel/freertos/dpl/SwiP_freertos.c
In project: source/ti/dmm/apps/common/freertos/freertos_builds/release/ccs/freertos_builds_CC26X2R1_LAUNCHXL_release_ccs.projectspec

File not found: ${COM_TI_SIMPLELINK_CC13XX_CC26XX_SDK_DMM_DEV_INSTALL_DIR}/kernel/freertos/dpl/TimerPCC26XX_freertos.c
In project: source/ti/dmm/apps/common/freertos/freertos_builds/release/ccs/freertos_builds_CC26X2R1_LAUNCHXL_release_ccs.projectspec

File not found: ${COM_TI_SIMPLELINK_CC13XX_CC26XX_SDK_DMM_DEV_INSTALL_DIR}/source/ti/dmm/apps/common/freertos/FreeRTOSConfig.h
In project: source/ti/dmm/apps/common/freertos/freertos_builds/release/ccs/freertos_builds_CC26X2R1_LAUNCHXL_release_ccs.projectspec

File not found: ${FREERTOS_INSTALL_DIR}/FreeRTOS/Source/portable/GCC/ARM_CM4F/portmacro.h
In project: source/ti/dmm/apps/common/freertos/freertos_builds/release/gcc/freertos_builds_CC1352R1_LAUNCHXL_release_gcc.projectspec

File not found: ${FREERTOS_INSTALL_DIR}/FreeRTOS/Source/portable/GCC/ARM_CM4F/port.c
In project: source/ti/dmm/apps/common/freertos/freertos_builds/release/gcc/freertos_builds_CC1352R1_LAUNCHXL_release_gcc.projectspec

File not found: ${COM_TI_SIMPLELINK_CC13XX_CC26XX_SDK_DMM_DEV_INSTALL_DIR}/kernel/freertos/startup/startup_cc13x2_cc26x2_gcc.c
In project: source/ti/dmm/apps/common/freertos/freertos_builds/release/gcc/freertos_builds_CC1352R1_LAUNCHXL_release_gcc.projectspec

File not found: ${FREERTOS_INSTALL_DIR}/FreeRTOS/Source/croutine.c
In project: source/ti/dmm/apps/common/freertos/freertos_builds/release/gcc/freertos_builds_CC1352R1_LAUNCHXL_release_gcc.projectspec

File not found: ${FREERTOS_INSTALL_DIR}/FreeRTOS/Source/event_groups.c
In project: source/ti/dmm/apps/common/freertos/freertos_builds/release/gcc/freertos_builds_CC1352R1_LAUNCHXL_release_gcc.projectspec

File not found: ${FREERTOS_INSTALL_DIR}/FreeRTOS/Source/list.c
In project: source/ti/dmm/apps/common/freertos/freertos_builds/release/gcc/freertos_builds_CC1352R1_LAUNCHXL_release_gcc.projectspec

File not found: ${FREERTOS_INSTALL_DIR}/FreeRTOS/Source/queue.c
In project: source/ti/dmm/apps/common/freertos/freertos_builds/release/gcc/freertos_builds_CC1352R1_LAUNCHXL_release_gcc.projectspec

File not found: ${FREERTOS_INSTALL_DIR}/FreeRTOS/Source/stream_buffer.c
In project: source/ti/dmm/apps/common/freertos/freertos_builds/release/gcc/freertos_builds_CC1352R1_LAUNCHXL_release_gcc.projectspec

File not found: ${FREERTOS_INSTALL_DIR}/FreeRTOS/Source/tasks.c
In project: source/ti/dmm/apps/common/freertos/freertos_builds/release/gcc/freertos_builds_CC1352R1_LAUNCHXL_release_gcc.projectspec

File not found: ${FREERTOS_INSTALL_DIR}/FreeRTOS/Source/timers.c
In project: source/ti/dmm/apps/common/freertos/freertos_builds/release/gcc/freertos_builds_CC1352R1_LAUNCHXL_release_gcc.projectspec

File not found: ${COM_TI_SIMPLELINK_CC13XX_CC26XX_SDK_DMM_DEV_INSTALL_DIR}/source/ti/posix/freertos/clock.c
In project: source/ti/dmm/apps/common/freertos/freertos_builds/release/gcc/freertos_builds_CC1352R1_LAUNCHXL_release_gcc.projectspec

File not found: ${COM_TI_SIMPLELINK_CC13XX_CC26XX_SDK_DMM_DEV_INSTALL_DIR}/source/ti/posix/freertos/sleep.c
In project: source/ti/dmm/apps/common/freertos/freertos_builds/release/gcc/freertos_builds_CC1352R1_LAUNCHXL_release_gcc.projectspec

File not found: ${COM_TI_SIMPLELINK_CC13XX_CC26XX_SDK_DMM_DEV_INSTALL_DIR}/source/ti/posix/freertos/memory.c
In project: source/ti/dmm/apps/common/freertos/freertos_builds/release/gcc/freertos_builds_CC1352R1_LAUNCHXL_release_gcc.projectspec

File not found: ${COM_TI_SIMPLELINK_CC13XX_CC26XX_SDK_DMM_DEV_INSTALL_DIR}/source/ti/posix/freertos/mqueue.c
In project: source/ti/dmm/apps/common/freertos/freertos_builds/release/gcc/freertos_builds_CC1352R1_LAUNCHXL_release_gcc.projectspec

File not found: ${COM_TI_SIMPLELINK_CC13XX_CC26XX_SDK_DMM_DEV_INSTALL_DIR}/source/ti/posix/freertos/pthread_barrier.c
In project: source/ti/dmm/apps/common/freertos/freertos_builds/release/gcc/freertos_builds_CC1352R1_LAUNCHXL_release_gcc.projectspec

File not found: ${COM_TI_SIMPLELINK_CC13XX_CC26XX_SDK_DMM_DEV_INSTALL_DIR}/source/ti/posix/freertos/pthread_cond.c
In project: source/ti/dmm/apps/common/freertos/freertos_builds/release/gcc/freertos_builds_CC1352R1_LAUNCHXL_release_gcc.projectspec

File not found: ${COM_TI_SIMPLELINK_CC13XX_CC26XX_SDK_DMM_DEV_INSTALL_DIR}/source/ti/posix/freertos/pthread.c
In project: source/ti/dmm/apps/common/freertos/freertos_builds/release/gcc/freertos_builds_CC1352R1_LAUNCHXL_release_gcc.projectspec

File not found: ${COM_TI_SIMPLELINK_CC13XX_CC26XX_SDK_DMM_DEV_INSTALL_DIR}/source/ti/posix/freertos/pthread_mutex.c
In project: source/ti/dmm/apps/common/freertos/freertos_builds/release/gcc/freertos_builds_CC1352R1_LAUNCHXL_release_gcc.projectspec

File not found: ${COM_TI_SIMPLELINK_CC13XX_CC26XX_SDK_DMM_DEV_INSTALL_DIR}/source/ti/posix/freertos/pthread_rwlock.c
In project: source/ti/dmm/apps/common/freertos/freertos_builds/release/gcc/freertos_builds_CC1352R1_LAUNCHXL_release_gcc.projectspec

File not found: ${COM_TI_SIMPLELINK_CC13XX_CC26XX_SDK_DMM_DEV_INSTALL_DIR}/source/ti/posix/freertos/semaphore.c
In project: source/ti/dmm/apps/common/freertos/freertos_builds/release/gcc/freertos_builds_CC1352R1_LAUNCHXL_release_gcc.projectspec

File not found: ${COM_TI_SIMPLELINK_CC13XX_CC26XX_SDK_DMM_DEV_INSTALL_DIR}/source/ti/posix/freertos/timer.c
In project: source/ti/dmm/apps/common/freertos/freertos_builds/release/gcc/freertos_builds_CC1352R1_LAUNCHXL_release_gcc.projectspec

File not found: ${COM_TI_SIMPLELINK_CC13XX_CC26XX_SDK_DMM_DEV_INSTALL_DIR}/kernel/freertos/dpl/ClockPCC26X2_freertos.c
In project: source/ti/dmm/apps/common/freertos/freertos_builds/release/gcc/freertos_builds_CC1352R1_LAUNCHXL_release_gcc.projectspec

File not found: ${COM_TI_SIMPLELINK_CC13XX_CC26XX_SDK_DMM_DEV_INSTALL_DIR}/kernel/freertos/dpl/DebugP_freertos.c
In project: source/ti/dmm/apps/common/freertos/freertos_builds/release/gcc/freertos_builds_CC1352R1_LAUNCHXL_release_gcc.projectspec

File not found: ${COM_TI_SIMPLELINK_CC13XX_CC26XX_SDK_DMM_DEV_INSTALL_DIR}/kernel/freertos/dpl/MutexP_freertos.c
In project: source/ti/dmm/apps/common/freertos/freertos_builds/release/gcc/freertos_builds_CC1352R1_LAUNCHXL_release_gcc.projectspec

File not found: ${COM_TI_SIMPLELINK_CC13XX_CC26XX_SDK_DMM_DEV_INSTALL_DIR}/kernel/freertos/dpl/SemaphoreP_freertos.c
In project: source/ti/dmm/apps/common/freertos/freertos_builds/release/gcc/freertos_builds_CC1352R1_LAUNCHXL_release_gcc.projectspec

File not found: ${COM_TI_SIMPLELINK_CC13XX_CC26XX_SDK_DMM_DEV_INSTALL_DIR}/kernel/freertos/dpl/SystemP_freertos.c
In project: source/ti/dmm/apps/common/freertos/freertos_builds/release/gcc/freertos_builds_CC1352R1_LAUNCHXL_release_gcc.projectspec

File not found: ${COM_TI_SIMPLELINK_CC13XX_CC26XX_SDK_DMM_DEV_INSTALL_DIR}/kernel/freertos/dpl/HwiPCC26X2_freertos.c
In project: source/ti/dmm/apps/common/freertos/freertos_builds/release/gcc/freertos_builds_CC1352R1_LAUNCHXL_release_gcc.projectspec

File not found: ${COM_TI_SIMPLELINK_CC13XX_CC26XX_SDK_DMM_DEV_INSTALL_DIR}/kernel/freertos/dpl/PowerCC26X2_freertos.c
In project: source/ti/dmm/apps/common/freertos/freertos_builds/release/gcc/freertos_builds_CC1352R1_LAUNCHXL_release_gcc.projectspec

File not found: ${COM_TI_SIMPLELINK_CC13XX_CC26XX_SDK_DMM_DEV_INSTALL_DIR}/kernel/freertos/dpl/QueueP_freertos.c
In project: source/ti/dmm/apps/common/freertos/freertos_builds/release/gcc/freertos_builds_CC1352R1_LAUNCHXL_release_gcc.projectspec

File not found: ${COM_TI_SIMPLELINK_CC13XX_CC26XX_SDK_DMM_DEV_INSTALL_DIR}/kernel/freertos/dpl/StaticAllocs_freertos.c
In project: source/ti/dmm/apps/common/freertos/freertos_builds/release/gcc/freertos_builds_CC1352R1_LAUNCHXL_release_gcc.projectspec

File not found: ${COM_TI_SIMPLELINK_CC13XX_CC26XX_SDK_DMM_DEV_INSTALL_DIR}/kernel/freertos/dpl/SwiP_freertos.c
In project: source/ti/dmm/apps/common/freertos/freertos_builds/release/gcc/freertos_builds_CC1352R1_LAUNCHXL_release_gcc.projectspec

File not found: ${COM_TI_SIMPLELINK_CC13XX_CC26XX_SDK_DMM_DEV_INSTALL_DIR}/kernel/freertos/dpl/TimerPCC26XX_freertos.c
In project: source/ti/dmm/apps/common/freertos/freertos_builds/release/gcc/freertos_builds_CC1352R1_LAUNCHXL_release_gcc.projectspec

File not found: ${COM_TI_SIMPLELINK_CC13XX_CC26XX_SDK_DMM_DEV_INSTALL_DIR}/source/ti/dmm/apps/common/freertos/FreeRTOSConfig.h
In project: source/ti/dmm/apps/common/freertos/freertos_builds/release/gcc/freertos_builds_CC1352R1_LAUNCHXL_release_gcc.projectspec

File not found: ${FREERTOS_INSTALL_DIR}/FreeRTOS/Source/portable/GCC/ARM_CM4F/portmacro.h
In project: source/ti/dmm/apps/common/freertos/freertos_builds/release/gcc/freertos_builds_CC26X2R1_LAUNCHXL_release_gcc.projectspec

File not found: ${FREERTOS_INSTALL_DIR}/FreeRTOS/Source/portable/GCC/ARM_CM4F/port.c
In project: source/ti/dmm/apps/common/freertos/freertos_builds/release/gcc/freertos_builds_CC26X2R1_LAUNCHXL_release_gcc.projectspec

File not found: ${COM_TI_SIMPLELINK_CC13XX_CC26XX_SDK_DMM_DEV_INSTALL_DIR}/kernel/freertos/startup/startup_cc13x2_cc26x2_gcc.c
In project: source/ti/dmm/apps/common/freertos/freertos_builds/release/gcc/freertos_builds_CC26X2R1_LAUNCHXL_release_gcc.projectspec

File not found: ${FREERTOS_INSTALL_DIR}/FreeRTOS/Source/croutine.c
In project: source/ti/dmm/apps/common/freertos/freertos_builds/release/gcc/freertos_builds_CC26X2R1_LAUNCHXL_release_gcc.projectspec

File not found: ${FREERTOS_INSTALL_DIR}/FreeRTOS/Source/event_groups.c
In project: source/ti/dmm/apps/common/freertos/freertos_builds/release/gcc/freertos_builds_CC26X2R1_LAUNCHXL_release_gcc.projectspec

File not found: ${FREERTOS_INSTALL_DIR}/FreeRTOS/Source/list.c
In project: source/ti/dmm/apps/common/freertos/freertos_builds/release/gcc/freertos_builds_CC26X2R1_LAUNCHXL_release_gcc.projectspec

File not found: ${FREERTOS_INSTALL_DIR}/FreeRTOS/Source/queue.c
In project: source/ti/dmm/apps/common/freertos/freertos_builds/release/gcc/freertos_builds_CC26X2R1_LAUNCHXL_release_gcc.projectspec

File not found: ${FREERTOS_INSTALL_DIR}/FreeRTOS/Source/stream_buffer.c
In project: source/ti/dmm/apps/common/freertos/freertos_builds/release/gcc/freertos_builds_CC26X2R1_LAUNCHXL_release_gcc.projectspec

File not found: ${FREERTOS_INSTALL_DIR}/FreeRTOS/Source/tasks.c
In project: source/ti/dmm/apps/common/freertos/freertos_builds/release/gcc/freertos_builds_CC26X2R1_LAUNCHXL_release_gcc.projectspec

File not found: ${FREERTOS_INSTALL_DIR}/FreeRTOS/Source/timers.c
In project: source/ti/dmm/apps/common/freertos/freertos_builds/release/gcc/freertos_builds_CC26X2R1_LAUNCHXL_release_gcc.projectspec

File not found: ${COM_TI_SIMPLELINK_CC13XX_CC26XX_SDK_DMM_DEV_INSTALL_DIR}/source/ti/posix/freertos/clock.c
In project: source/ti/dmm/apps/common/freertos/freertos_builds/release/gcc/freertos_builds_CC26X2R1_LAUNCHXL_release_gcc.projectspec

File not found: ${COM_TI_SIMPLELINK_CC13XX_CC26XX_SDK_DMM_DEV_INSTALL_DIR}/source/ti/posix/freertos/sleep.c
In project: source/ti/dmm/apps/common/freertos/freertos_builds/release/gcc/freertos_builds_CC26X2R1_LAUNCHXL_release_gcc.projectspec

File not found: ${COM_TI_SIMPLELINK_CC13XX_CC26XX_SDK_DMM_DEV_INSTALL_DIR}/source/ti/posix/freertos/memory.c
In project: source/ti/dmm/apps/common/freertos/freertos_builds/release/gcc/freertos_builds_CC26X2R1_LAUNCHXL_release_gcc.projectspec

File not found: ${COM_TI_SIMPLELINK_CC13XX_CC26XX_SDK_DMM_DEV_INSTALL_DIR}/source/ti/posix/freertos/mqueue.c
In project: source/ti/dmm/apps/common/freertos/freertos_builds/release/gcc/freertos_builds_CC26X2R1_LAUNCHXL_release_gcc.projectspec

File not found: ${COM_TI_SIMPLELINK_CC13XX_CC26XX_SDK_DMM_DEV_INSTALL_DIR}/source/ti/posix/freertos/pthread_barrier.c
In project: source/ti/dmm/apps/common/freertos/freertos_builds/release/gcc/freertos_builds_CC26X2R1_LAUNCHXL_release_gcc.projectspec

File not found: ${COM_TI_SIMPLELINK_CC13XX_CC26XX_SDK_DMM_DEV_INSTALL_DIR}/source/ti/posix/freertos/pthread_cond.c
In project: source/ti/dmm/apps/common/freertos/freertos_builds/release/gcc/freertos_builds_CC26X2R1_LAUNCHXL_release_gcc.projectspec

File not found: ${COM_TI_SIMPLELINK_CC13XX_CC26XX_SDK_DMM_DEV_INSTALL_DIR}/source/ti/posix/freertos/pthread.c
In project: source/ti/dmm/apps/common/freertos/freertos_builds/release/gcc/freertos_builds_CC26X2R1_LAUNCHXL_release_gcc.projectspec

File not found: ${COM_TI_SIMPLELINK_CC13XX_CC26XX_SDK_DMM_DEV_INSTALL_DIR}/source/ti/posix/freertos/pthread_mutex.c
In project: source/ti/dmm/apps/common/freertos/freertos_builds/release/gcc/freertos_builds_CC26X2R1_LAUNCHXL_release_gcc.projectspec

File not found: ${COM_TI_SIMPLELINK_CC13XX_CC26XX_SDK_DMM_DEV_INSTALL_DIR}/source/ti/posix/freertos/pthread_rwlock.c
In project: source/ti/dmm/apps/common/freertos/freertos_builds/release/gcc/freertos_builds_CC26X2R1_LAUNCHXL_release_gcc.projectspec

File not found: ${COM_TI_SIMPLELINK_CC13XX_CC26XX_SDK_DMM_DEV_INSTALL_DIR}/source/ti/posix/freertos/semaphore.c
In project: source/ti/dmm/apps/common/freertos/freertos_builds/release/gcc/freertos_builds_CC26X2R1_LAUNCHXL_release_gcc.projectspec

File not found: ${COM_TI_SIMPLELINK_CC13XX_CC26XX_SDK_DMM_DEV_INSTALL_DIR}/source/ti/posix/freertos/timer.c
In project: source/ti/dmm/apps/common/freertos/freertos_builds/release/gcc/freertos_builds_CC26X2R1_LAUNCHXL_release_gcc.projectspec

File not found: ${COM_TI_SIMPLELINK_CC13XX_CC26XX_SDK_DMM_DEV_INSTALL_DIR}/kernel/freertos/dpl/ClockPCC26X2_freertos.c
In project: source/ti/dmm/apps/common/freertos/freertos_builds/release/gcc/freertos_builds_CC26X2R1_LAUNCHXL_release_gcc.projectspec

File not found: ${COM_TI_SIMPLELINK_CC13XX_CC26XX_SDK_DMM_DEV_INSTALL_DIR}/kernel/freertos/dpl/DebugP_freertos.c
In project: source/ti/dmm/apps/common/freertos/freertos_builds/release/gcc/freertos_builds_CC26X2R1_LAUNCHXL_release_gcc.projectspec

File not found: ${COM_TI_SIMPLELINK_CC13XX_CC26XX_SDK_DMM_DEV_INSTALL_DIR}/kernel/freertos/dpl/MutexP_freertos.c
In project: source/ti/dmm/apps/common/freertos/freertos_builds/release/gcc/freertos_builds_CC26X2R1_LAUNCHXL_release_gcc.projectspec

File not found: ${COM_TI_SIMPLELINK_CC13XX_CC26XX_SDK_DMM_DEV_INSTALL_DIR}/kernel/freertos/dpl/SemaphoreP_freertos.c
In project: source/ti/dmm/apps/common/freertos/freertos_builds/release/gcc/freertos_builds_CC26X2R1_LAUNCHXL_release_gcc.projectspec

File not found: ${COM_TI_SIMPLELINK_CC13XX_CC26XX_SDK_DMM_DEV_INSTALL_DIR}/kernel/freertos/dpl/SystemP_freertos.c
In project: source/ti/dmm/apps/common/freertos/freertos_builds/release/gcc/freertos_builds_CC26X2R1_LAUNCHXL_release_gcc.projectspec

File not found: ${COM_TI_SIMPLELINK_CC13XX_CC26XX_SDK_DMM_DEV_INSTALL_DIR}/kernel/freertos/dpl/HwiPCC26X2_freertos.c
In project: source/ti/dmm/apps/common/freertos/freertos_builds/release/gcc/freertos_builds_CC26X2R1_LAUNCHXL_release_gcc.projectspec

File not found: ${COM_TI_SIMPLELINK_CC13XX_CC26XX_SDK_DMM_DEV_INSTALL_DIR}/kernel/freertos/dpl/PowerCC26X2_freertos.c
In project: source/ti/dmm/apps/common/freertos/freertos_builds/release/gcc/freertos_builds_CC26X2R1_LAUNCHXL_release_gcc.projectspec

File not found: ${COM_TI_SIMPLELINK_CC13XX_CC26XX_SDK_DMM_DEV_INSTALL_DIR}/kernel/freertos/dpl/QueueP_freertos.c
In project: source/ti/dmm/apps/common/freertos/freertos_builds/release/gcc/freertos_builds_CC26X2R1_LAUNCHXL_release_gcc.projectspec

File not found: ${COM_TI_SIMPLELINK_CC13XX_CC26XX_SDK_DMM_DEV_INSTALL_DIR}/kernel/freertos/dpl/StaticAllocs_freertos.c
In project: source/ti/dmm/apps/common/freertos/freertos_builds/release/gcc/freertos_builds_CC26X2R1_LAUNCHXL_release_gcc.projectspec

File not found: ${COM_TI_SIMPLELINK_CC13XX_CC26XX_SDK_DMM_DEV_INSTALL_DIR}/kernel/freertos/dpl/SwiP_freertos.c
In project: source/ti/dmm/apps/common/freertos/freertos_builds/release/gcc/freertos_builds_CC26X2R1_LAUNCHXL_release_gcc.projectspec

File not found: ${COM_TI_SIMPLELINK_CC13XX_CC26XX_SDK_DMM_DEV_INSTALL_DIR}/kernel/freertos/dpl/TimerPCC26XX_freertos.c
In project: source/ti/dmm/apps/common/freertos/freertos_builds/release/gcc/freertos_builds_CC26X2R1_LAUNCHXL_release_gcc.projectspec

File not found: ${COM_TI_SIMPLELINK_CC13XX_CC26XX_SDK_DMM_DEV_INSTALL_DIR}/source/ti/dmm/apps/common/freertos/FreeRTOSConfig.h
In project: source/ti/dmm/apps/common/freertos/freertos_builds/release/gcc/freertos_builds_CC26X2R1_LAUNCHXL_release_gcc.projectspec

